<?xml version="1.0" encoding="UTF-8"?>
<!-- Generated by org.testng.reporters.JUnitReportReporter -->
<testsuite hostname="LAPTOP-UBQPUFNI" name="com.OrangeHrmDemo.qa.Testcases.LoginPageTest" tests="4" failures="0" timestamp="2 Apr 2023 06:05:56 GMT" time="52.593" errors="0">
  <testcase name="orangehrmlogotest" time="9.462" classname="com.OrangeHrmDemo.qa.Testcases.LoginPageTest"/>
  <testcase name="loginpagetitlelogotest" time="18.261" classname="com.OrangeHrmDemo.qa.Testcases.LoginPageTest"/>
  <testcase name="loginpagetitletest" time="12.503" classname="com.OrangeHrmDemo.qa.Testcases.LoginPageTest"/>
  <testcase name="logintest" time="12.367" classname="com.OrangeHrmDemo.qa.Testcases.LoginPageTest"/>
</testsuite> <!-- com.OrangeHrmDemo.qa.Testcases.LoginPageTest -->
