<?xml version="1.0" encoding="UTF-8"?>
<!-- Generated by org.testng.reporters.JUnitReportReporter -->
<testsuite hostname="LAPTOP-UBQPUFNI" name="com.OrangeHrmDemo.qa.Testcases.LoginPageTest" tests="4" failures="0" timestamp="7 Apr 2023 02:59:26 GMT" time="45.520" errors="0">
  <testcase name="loginpagetitlelogotest" time="9.672" classname="com.OrangeHrmDemo.qa.Testcases.LoginPageTest"/>
  <testcase name="loginpagetitletest" time="8.387" classname="com.OrangeHrmDemo.qa.Testcases.LoginPageTest"/>
  <testcase name="logintest" time="10.731" classname="com.OrangeHrmDemo.qa.Testcases.LoginPageTest"/>
  <testcase name="orangehrmlogotest" time="16.730" classname="com.OrangeHrmDemo.qa.Testcases.LoginPageTest"/>
</testsuite> <!-- com.OrangeHrmDemo.qa.Testcases.LoginPageTest -->
