<?xml version="1.0" encoding="UTF-8"?>
<!-- Generated by org.testng.reporters.JUnitReportReporter -->
<testsuite hostname="LAPTOP-UBQPUFNI" name="com.OrangeHrmDemo.qa.Testcases.LoginPageTest" tests="4" failures="0" timestamp="2 Apr 2023 09:25:26 GMT" time="35.993" errors="0">
  <testcase name="loginpagetitlelogotest" time="7.735" classname="com.OrangeHrmDemo.qa.Testcases.LoginPageTest"/>
  <testcase name="loginpagetitletest" time="6.796" classname="com.OrangeHrmDemo.qa.Testcases.LoginPageTest"/>
  <testcase name="logintest" time="7.865" classname="com.OrangeHrmDemo.qa.Testcases.LoginPageTest"/>
  <testcase name="orangehrmlogotest" time="13.597" classname="com.OrangeHrmDemo.qa.Testcases.LoginPageTest"/>
</testsuite> <!-- com.OrangeHrmDemo.qa.Testcases.LoginPageTest -->
