<?xml version="1.0" encoding="UTF-8"?>
<!-- Generated by org.testng.reporters.JUnitReportReporter -->
<testsuite hostname="GSK-QA-065" failures="0" tests="4" name="com.OrangeHrmDemo.qa.Testcases.LoginPageTest" time="85.801" errors="0" timestamp="2023-04-06T16:59:58 IST" skipped="0">
  <testcase classname="com.OrangeHrmDemo.qa.Testcases.LoginPageTest" name="loginpagetitletest" time="10.798"/>
  <system-out/>
  <testcase classname="com.OrangeHrmDemo.qa.Testcases.LoginPageTest" name="orangehrmlogotest" time="15.654"/>
  <system-out/>
  <testcase classname="com.OrangeHrmDemo.qa.Testcases.LoginPageTest" name="loginpagetitlelogotest" time="8.600"/>
  <system-out/>
  <testcase classname="com.OrangeHrmDemo.qa.Testcases.LoginPageTest" name="logintest" time="50.749"/>
  <system-out/>
</testsuite> <!-- com.OrangeHrmDemo.qa.Testcases.LoginPageTest -->
