<?xml version="1.0" encoding="UTF-8"?>
<!-- Generated by org.testng.reporters.JUnitReportReporter -->
<testsuite hostname="LAPTOP-UBQPUFNI" name="com.OrangeHrmDemo.qa.Testcases.LoginPageTest" tests="4" failures="0" timestamp="5 Apr 2023 02:18:33 GMT" time="124.284" errors="0">
  <testcase name="loginpagetitlelogotest" time="52.457" classname="com.OrangeHrmDemo.qa.Testcases.LoginPageTest"/>
  <testcase name="orangehrmlogotest" time="21.095" classname="com.OrangeHrmDemo.qa.Testcases.LoginPageTest"/>
  <testcase name="loginpagetitletest" time="20.636" classname="com.OrangeHrmDemo.qa.Testcases.LoginPageTest"/>
  <testcase name="logintest" time="30.096" classname="com.OrangeHrmDemo.qa.Testcases.LoginPageTest"/>
</testsuite> <!-- com.OrangeHrmDemo.qa.Testcases.LoginPageTest -->
