<?xml version="1.0" encoding="UTF-8"?>
<!-- Generated by org.testng.reporters.JUnitReportReporter -->
<testsuite hostname="LAPTOP-UBQPUFNI" name="com.OrangeHrmDemo.qa.Testcases.RequirementsPageTest" tests="6" failures="1" timestamp="7 Apr 2023 03:27:46 GMT" time="104.800" errors="0">
  <testcase name="requirementslabletest" time="14.553" classname="com.OrangeHrmDemo.qa.Testcases.RequirementsPageTest"/>
  <testcase name="createnewrqmtstest" time="17.814" classname="com.OrangeHrmDemo.qa.Testcases.RequirementsPageTest"/>
  <testcase name="createnewrqmtstest" time="17.608" classname="com.OrangeHrmDemo.qa.Testcases.RequirementsPageTest"/>
  <testcase name="candidatelabeltest" time="14.699" classname="com.OrangeHrmDemo.qa.Testcases.RequirementsPageTest"/>
  <testcase name="createnewrqmtstest" time="17.617" classname="com.OrangeHrmDemo.qa.Testcases.RequirementsPageTest"/>
  <testcase name="selectcheckboxtest" time="22.509" classname="com.OrangeHrmDemo.qa.Testcases.RequirementsPageTest">
    <failure type="java.lang.AssertionError" message="expected [true] but found [false]">
      <![CDATA[java.lang.AssertionError: expected [true] but found [false]
	at org.testng.Assert.fail(Assert.java:94)
	at org.testng.Assert.failNotEquals(Assert.java:513)
	at org.testng.Assert.assertTrue(Assert.java:42)
	at org.testng.Assert.assertTrue(Assert.java:52)
	at com.OrangeHrmDemo.qa.Testcases.RequirementsPageTest.selectcheckboxtest(RequirementsPageTest.java:50)
	at sun.reflect.NativeMethodAccessorImpl.invoke0(Native Method)
	at sun.reflect.NativeMethodAccessorImpl.invoke(Unknown Source)
	at sun.reflect.DelegatingMethodAccessorImpl.invoke(Unknown Source)
	at java.lang.reflect.Method.invoke(Unknown Source)
	at org.testng.internal.MethodInvocationHelper.invokeMethod(MethodInvocationHelper.java:86)
	at org.testng.internal.Invoker.invokeMethod(Invoker.java:645)
	at org.testng.internal.Invoker.invokeTestMethod(Invoker.java:822)
	at org.testng.internal.Invoker.invokeTestMethods(Invoker.java:1130)
	at org.testng.internal.TestMethodWorker.invokeTestMethods(TestMethodWorker.java:129)
	at org.testng.internal.TestMethodWorker.run(TestMethodWorker.java:112)
	at org.testng.TestRunner.privateRun(TestRunner.java:782)
	at org.testng.TestRunner.run(TestRunner.java:632)
	at org.testng.SuiteRunner.runTest(SuiteRunner.java:366)
	at org.testng.SuiteRunner.runSequentially(SuiteRunner.java:361)
	at org.testng.SuiteRunner.privateRun(SuiteRunner.java:319)
	at org.testng.SuiteRunner.run(SuiteRunner.java:268)
	at org.testng.SuiteRunnerWorker.runSuite(SuiteRunnerWorker.java:52)
	at org.testng.SuiteRunnerWorker.run(SuiteRunnerWorker.java:86)
	at org.testng.TestNG.runSuitesSequentially(TestNG.java:1244)
	at org.testng.TestNG.runSuitesLocally(TestNG.java:1169)
	at org.testng.TestNG.run(TestNG.java:1064)
	at org.testng.remote.RemoteTestNG.run(RemoteTestNG.java:113)
	at org.testng.remote.RemoteTestNG.initAndRun(RemoteTestNG.java:206)
	at org.testng.remote.RemoteTestNG.main(RemoteTestNG.java:177)
]]>
    </failure>
  </testcase> <!-- selectcheckboxtest -->
</testsuite> <!-- com.OrangeHrmDemo.qa.Testcases.RequirementsPageTest -->
