<?xml version="1.0" encoding="UTF-8"?>
<!-- Generated by org.testng.reporters.JUnitReportReporter -->
<testsuite hostname="LAPTOP-UBQPUFNI" name="com.OrangeHrmDemo.qa.Testcases.DashboardPageTest" tests="5" failures="0" timestamp="5 Apr 2023 02:18:33 GMT" time="153.363" errors="0">
  <testcase name="userlabelTest" time="24.716" classname="com.OrangeHrmDemo.qa.Testcases.DashboardPageTest"/>
  <testcase name="leavetest" time="28.867" classname="com.OrangeHrmDemo.qa.Testcases.DashboardPageTest"/>
  <testcase name="requirmentstest" time="46.494" classname="com.OrangeHrmDemo.qa.Testcases.DashboardPageTest"/>
  <testcase name="dashboardlabeltest" time="26.579" classname="com.OrangeHrmDemo.qa.Testcases.DashboardPageTest"/>
  <testcase name="myinfotest" time="26.707" classname="com.OrangeHrmDemo.qa.Testcases.DashboardPageTest"/>
</testsuite> <!-- com.OrangeHrmDemo.qa.Testcases.DashboardPageTest -->
